[2020-08-06 21:44:08.403] [renderer1] [error] Error: [File Watcher (chokidar)] Inotify limit reached (ENOSPC)
[2020-08-06 21:44:08.413] [renderer1] [error] [File Watcher (chokidar)] Inotify limit reached (ENOSPC)
[2020-08-06 21:44:27.458] [renderer1] [error] An unknown error occurred. Please consult the log for more details.
[2020-08-06 21:44:37.505] [renderer1] [error] An unknown error occurred. Please consult the log for more details.
[2020-08-06 21:44:38.552] [renderer1] [error] An unknown error occurred. Please consult the log for more details.
[2020-08-06 21:44:41.939] [renderer1] [error] An unknown error occurred. Please consult the log for more details.
[2020-08-06 21:44:42.522] [renderer1] [error] <semantic> TypeScript Server Error (3.6.2)
Cannot read property 'parent' of undefined
TypeError: Cannot read property 'parent' of undefined
    at Object.deleteDeclaration (tsserver.js:115598:56)
    at _loop_9 (tsserver.js:115190:47)
    at ChangeTracker.finishDeleteDeclarations (tsserver.js:115197:21)
    at ChangeTracker.getChanges (tsserver.js:115217:22)
    at Function.ChangeTracker.with (tsserver.js:114754:32)
    at Object.getCodeActions (tsserver.js:119748:68)
    at tsserver.js:115774:121
    at Object.flatMap (tsserver.js:583:25)
    at Object.getFixes (tsserver.js:115774:23)
    at tsserver.js:125788:35
    at Object.flatMap (tsserver.js:583:25)
    at Object.getCodeFixesAtPosition (tsserver.js:125786:23)
    at IOSession.Session.getCodeFixes (tsserver.js:134985:64)
    at Session.handlers.ts.createMapFromTemplate._a.(anonymous function) (tsserver.js:133772:61)
    at tsserver.js:135178:88
    at IOSession.Session.executeWithRequestId (tsserver.js:135169:28)
    at IOSession.Session.executeCommand (tsserver.js:135178:33)
    at IOSession.Session.onMessage (tsserver.js:135201:35)
    at Interface.<anonymous> (tsserver.js:136516:27)
    at Interface.emit (events.js:182:13)
    at Interface._onLine (readline.js:290:10)
    at Interface._normalWrite (readline.js:433:12)
    at Socket.ondata (readline.js:149:10)
    at Socket.emit (events.js:182:13)
    at addChunk (_stream_readable.js:283:12)
    at readableAddChunk (_stream_readable.js:264:11)
    at Socket.Readable.push (_stream_readable.js:219:10)
    at Pipe.onStreamRead [as onread] (internal/stream_base_commons.js:94:17): Error: <semantic> TypeScript Server Error (3.6.2)
Cannot read property 'parent' of undefined
TypeError: Cannot read property 'parent' of undefined
    at Object.deleteDeclaration (tsserver.js:115598:56)
    at _loop_9 (tsserver.js:115190:47)
    at ChangeTracker.finishDeleteDeclarations (tsserver.js:115197:21)
    at ChangeTracker.getChanges (tsserver.js:115217:22)
    at Function.ChangeTracker.with (tsserver.js:114754:32)
    at Object.getCodeActions (tsserver.js:119748:68)
    at tsserver.js:115774:121
    at Object.flatMap (tsserver.js:583:25)
    at Object.getFixes (tsserver.js:115774:23)
    at tsserver.js:125788:35
    at Object.flatMap (tsserver.js:583:25)
    at Object.getCodeFixesAtPosition (tsserver.js:125786:23)
    at IOSession.Session.getCodeFixes (tsserver.js:134985:64)
    at Session.handlers.ts.createMapFromTemplate._a.(anonymous function) (tsserver.js:133772:61)
    at tsserver.js:135178:88
    at IOSession.Session.executeWithRequestId (tsserver.js:135169:28)
    at IOSession.Session.executeCommand (tsserver.js:135178:33)
    at IOSession.Session.onMessage (tsserver.js:135201:35)
    at Interface.<anonymous> (tsserver.js:136516:27)
    at Interface.emit (events.js:182:13)
    at Interface._onLine (readline.js:290:10)
    at Interface._normalWrite (readline.js:433:12)
    at Socket.ondata (readline.js:149:10)
    at Socket.emit (events.js:182:13)
    at addChunk (_stream_readable.js:283:12)
    at readableAddChunk (_stream_readable.js:264:11)
    at Socket.Readable.push (_stream_readable.js:219:10)
    at Pipe.onStreamRead [as onread] (internal/stream_base_commons.js:94:17)
	at Function.create (/usr/share/code/resources/app/extensions/typescript-language-features/dist/extension.js:53:63463)
	at h.dispatchResponse (/usr/share/code/resources/app/extensions/typescript-language-features/dist/extension.js:53:56618)
	at h.dispatchMessage (/usr/share/code/resources/app/extensions/typescript-language-features/dist/extension.js:53:55516)
	at constructor._reader.onData.e (/usr/share/code/resources/app/extensions/typescript-language-features/dist/extension.js:53:54992)
	at u.fire (/usr/share/code/resources/app/out/vs/workbench/services/extensions/node/extensionHostProcess.js:50:207)
	at t.Reader.onLengthData (/usr/share/code/resources/app/extensions/typescript-language-features/dist/extension.js:53:61683)
	at Socket.t.Reader.constructor.e.on.e (/usr/share/code/resources/app/extensions/typescript-language-features/dist/extension.js:53:61331)
	at Socket.emit (events.js:182:13)
	at addChunk (_stream_readable.js:283:12)
	at readableAddChunk (_stream_readable.js:264:11)
	at Socket.Readable.push (_stream_readable.js:219:10)
	at Pipe.onStreamRead [as onread] (internal/stream_base_commons.js:94:17)
[2020-08-06 21:44:43.693] [renderer1] [error] <semantic> TypeScript Server Error (3.6.2)
Cannot read property 'parent' of undefined
TypeError: Cannot read property 'parent' of undefined
    at Object.deleteDeclaration (tsserver.js:115598:56)
    at _loop_9 (tsserver.js:115190:47)
    at ChangeTracker.finishDeleteDeclarations (tsserver.js:115197:21)
    at ChangeTracker.getChanges (tsserver.js:115217:22)
    at Function.ChangeTracker.with (tsserver.js:114754:32)
    at Object.getCodeActions (tsserver.js:119748:68)
    at tsserver.js:115774:121
    at Object.flatMap (tsserver.js:583:25)
    at Object.getFixes (tsserver.js:115774:23)
    at tsserver.js:125788:35
    at Object.flatMap (tsserver.js:583:25)
    at Object.getCodeFixesAtPosition (tsserver.js:125786:23)
    at IOSession.Session.getCodeFixes (tsserver.js:134985:64)
    at Session.handlers.ts.createMapFromTemplate._a.(anonymous function) (tsserver.js:133772:61)
    at tsserver.js:135178:88
    at IOSession.Session.executeWithRequestId (tsserver.js:135169:28)
    at IOSession.Session.executeCommand (tsserver.js:135178:33)
    at IOSession.Session.onMessage (tsserver.js:135201:35)
    at Interface.<anonymous> (tsserver.js:136516:27)
    at Interface.emit (events.js:182:13)
    at Interface._onLine (readline.js:290:10)
    at Interface._normalWrite (readline.js:433:12)
    at Socket.ondata (readline.js:149:10)
    at Socket.emit (events.js:182:13)
    at addChunk (_stream_readable.js:283:12)
    at readableAddChunk (_stream_readable.js:264:11)
    at Socket.Readable.push (_stream_readable.js:219:10)
    at Pipe.onStreamRead [as onread] (internal/stream_base_commons.js:94:17): Error: <semantic> TypeScript Server Error (3.6.2)
Cannot read property 'parent' of undefined
TypeError: Cannot read property 'parent' of undefined
    at Object.deleteDeclaration (tsserver.js:115598:56)
    at _loop_9 (tsserver.js:115190:47)
    at ChangeTracker.finishDeleteDeclarations (tsserver.js:115197:21)
    at ChangeTracker.getChanges (tsserver.js:115217:22)
    at Function.ChangeTracker.with (tsserver.js:114754:32)
    at Object.getCodeActions (tsserver.js:119748:68)
    at tsserver.js:115774:121
    at Object.flatMap (tsserver.js:583:25)
    at Object.getFixes (tsserver.js:115774:23)
    at tsserver.js:125788:35
    at Object.flatMap (tsserver.js:583:25)
    at Object.getCodeFixesAtPosition (tsserver.js:125786:23)
    at IOSession.Session.getCodeFixes (tsserver.js:134985:64)
    at Session.handlers.ts.createMapFromTemplate._a.(anonymous function) (tsserver.js:133772:61)
    at tsserver.js:135178:88
    at IOSession.Session.executeWithRequestId (tsserver.js:135169:28)
    at IOSession.Session.executeCommand (tsserver.js:135178:33)
    at IOSession.Session.onMessage (tsserver.js:135201:35)
    at Interface.<anonymous> (tsserver.js:136516:27)
    at Interface.emit (events.js:182:13)
    at Interface._onLine (readline.js:290:10)
    at Interface._normalWrite (readline.js:433:12)
    at Socket.ondata (readline.js:149:10)
    at Socket.emit (events.js:182:13)
    at addChunk (_stream_readable.js:283:12)
    at readableAddChunk (_stream_readable.js:264:11)
    at Socket.Readable.push (_stream_readable.js:219:10)
    at Pipe.onStreamRead [as onread] (internal/stream_base_commons.js:94:17)
	at Function.create (/usr/share/code/resources/app/extensions/typescript-language-features/dist/extension.js:53:63463)
	at h.dispatchResponse (/usr/share/code/resources/app/extensions/typescript-language-features/dist/extension.js:53:56618)
	at h.dispatchMessage (/usr/share/code/resources/app/extensions/typescript-language-features/dist/extension.js:53:55516)
	at constructor._reader.onData.e (/usr/share/code/resources/app/extensions/typescript-language-features/dist/extension.js:53:54992)
	at u.fire (/usr/share/code/resources/app/out/vs/workbench/services/extensions/node/extensionHostProcess.js:50:207)
	at t.Reader.onLengthData (/usr/share/code/resources/app/extensions/typescript-language-features/dist/extension.js:53:61683)
	at Socket.t.Reader.constructor.e.on.e (/usr/share/code/resources/app/extensions/typescript-language-features/dist/extension.js:53:61331)
	at Socket.emit (events.js:182:13)
	at addChunk (_stream_readable.js:283:12)
	at readableAddChunk (_stream_readable.js:264:11)
	at Socket.Readable.push (_stream_readable.js:219:10)
	at Pipe.onStreamRead [as onread] (internal/stream_base_commons.js:94:17)
[2020-08-06 21:44:44.324] [renderer1] [error] An unknown error occurred. Please consult the log for more details.
[2020-08-06 21:46:26.328] [renderer1] [error] <semantic> TypeScript Server Error (3.6.2)
Debug Failure.
Error: Debug Failure.
    at Object.assertDefined (tsserver.js:2101:24)
    at getRangeToExtract (tsserver.js:122796:43)
    at Object.getAvailableActions (tsserver.js:122760:28)
    at tsserver.js:115823:128
    at getIterator (tsserver.js:637:23)
    at Object.next (tsserver.js:632:35)
    at Object.arrayFrom (tsserver.js:1276:40)
    at Object.getApplicableRefactors (tsserver.js:115822:23)
    at Object.getApplicableRefactors (tsserver.js:126023:32)
    at IOSession.Session.getApplicableRefactors (tsserver.js:134935:53)
    at Session.handlers.ts.createMapFromTemplate._a.(anonymous function) (tsserver.js:133790:61)
    at tsserver.js:135178:88
    at IOSession.Session.executeWithRequestId (tsserver.js:135169:28)
    at IOSession.Session.executeCommand (tsserver.js:135178:33)
    at IOSession.Session.onMessage (tsserver.js:135201:35)
    at Interface.<anonymous> (tsserver.js:136516:27)
    at Interface.emit (events.js:182:13)
    at Interface._onLine (readline.js:290:10)
    at Interface._normalWrite (readline.js:433:12)
    at Socket.ondata (readline.js:149:10)
    at Socket.emit (events.js:182:13)
    at addChunk (_stream_readable.js:283:12)
    at readableAddChunk (_stream_readable.js:264:11)
    at Socket.Readable.push (_stream_readable.js:219:10)
    at Pipe.onStreamRead [as onread] (internal/stream_base_commons.js:94:17): Error: <semantic> TypeScript Server Error (3.6.2)
Debug Failure.
Error: Debug Failure.
    at Object.assertDefined (tsserver.js:2101:24)
    at getRangeToExtract (tsserver.js:122796:43)
    at Object.getAvailableActions (tsserver.js:122760:28)
    at tsserver.js:115823:128
    at getIterator (tsserver.js:637:23)
    at Object.next (tsserver.js:632:35)
    at Object.arrayFrom (tsserver.js:1276:40)
    at Object.getApplicableRefactors (tsserver.js:115822:23)
    at Object.getApplicableRefactors (tsserver.js:126023:32)
    at IOSession.Session.getApplicableRefactors (tsserver.js:134935:53)
    at Session.handlers.ts.createMapFromTemplate._a.(anonymous function) (tsserver.js:133790:61)
    at tsserver.js:135178:88
    at IOSession.Session.executeWithRequestId (tsserver.js:135169:28)
    at IOSession.Session.executeCommand (tsserver.js:135178:33)
    at IOSession.Session.onMessage (tsserver.js:135201:35)
    at Interface.<anonymous> (tsserver.js:136516:27)
    at Interface.emit (events.js:182:13)
    at Interface._onLine (readline.js:290:10)
    at Interface._normalWrite (readline.js:433:12)
    at Socket.ondata (readline.js:149:10)
    at Socket.emit (events.js:182:13)
    at addChunk (_stream_readable.js:283:12)
    at readableAddChunk (_stream_readable.js:264:11)
    at Socket.Readable.push (_stream_readable.js:219:10)
    at Pipe.onStreamRead [as onread] (internal/stream_base_commons.js:94:17)
	at Function.create (/usr/share/code/resources/app/extensions/typescript-language-features/dist/extension.js:53:63463)
	at h.dispatchResponse (/usr/share/code/resources/app/extensions/typescript-language-features/dist/extension.js:53:56618)
	at h.dispatchMessage (/usr/share/code/resources/app/extensions/typescript-language-features/dist/extension.js:53:55516)
	at constructor._reader.onData.e (/usr/share/code/resources/app/extensions/typescript-language-features/dist/extension.js:53:54992)
	at u.fire (/usr/share/code/resources/app/out/vs/workbench/services/extensions/node/extensionHostProcess.js:50:207)
	at t.Reader.onLengthData (/usr/share/code/resources/app/extensions/typescript-language-features/dist/extension.js:53:61683)
	at Socket.t.Reader.constructor.e.on.e (/usr/share/code/resources/app/extensions/typescript-language-features/dist/extension.js:53:61331)
	at Socket.emit (events.js:182:13)
	at addChunk (_stream_readable.js:283:12)
	at readableAddChunk (_stream_readable.js:264:11)
	at Socket.Readable.push (_stream_readable.js:219:10)
	at Pipe.onStreamRead [as onread] (internal/stream_base_commons.js:94:17)
[2020-08-06 21:46:44.080] [renderer1] [error] <semantic> TypeScript Server Error (3.6.2)
Debug Failure.
Error: Debug Failure.
    at Object.assertDefined (tsserver.js:2101:24)
    at getRangeToExtract (tsserver.js:122796:43)
    at Object.getAvailableActions (tsserver.js:122760:28)
    at tsserver.js:115823:128
    at getIterator (tsserver.js:637:23)
    at Object.next (tsserver.js:632:35)
    at Object.arrayFrom (tsserver.js:1276:40)
    at Object.getApplicableRefactors (tsserver.js:115822:23)
    at Object.getApplicableRefactors (tsserver.js:126023:32)
    at IOSession.Session.getApplicableRefactors (tsserver.js:134935:53)
    at Session.handlers.ts.createMapFromTemplate._a.(anonymous function) (tsserver.js:133790:61)
    at tsserver.js:135178:88
    at IOSession.Session.executeWithRequestId (tsserver.js:135169:28)
    at IOSession.Session.executeCommand (tsserver.js:135178:33)
    at IOSession.Session.onMessage (tsserver.js:135201:35)
    at Interface.<anonymous> (tsserver.js:136516:27)
    at Interface.emit (events.js:182:13)
    at Interface._onLine (readline.js:290:10)
    at Interface._normalWrite (readline.js:433:12)
    at Socket.ondata (readline.js:149:10)
    at Socket.emit (events.js:182:13)
    at addChunk (_stream_readable.js:283:12)
    at readableAddChunk (_stream_readable.js:264:11)
    at Socket.Readable.push (_stream_readable.js:219:10)
    at Pipe.onStreamRead [as onread] (internal/stream_base_commons.js:94:17): Error: <semantic> TypeScript Server Error (3.6.2)
Debug Failure.
Error: Debug Failure.
    at Object.assertDefined (tsserver.js:2101:24)
    at getRangeToExtract (tsserver.js:122796:43)
    at Object.getAvailableActions (tsserver.js:122760:28)
    at tsserver.js:115823:128
    at getIterator (tsserver.js:637:23)
    at Object.next (tsserver.js:632:35)
    at Object.arrayFrom (tsserver.js:1276:40)
    at Object.getApplicableRefactors (tsserver.js:115822:23)
    at Object.getApplicableRefactors (tsserver.js:126023:32)
    at IOSession.Session.getApplicableRefactors (tsserver.js:134935:53)
    at Session.handlers.ts.createMapFromTemplate._a.(anonymous function) (tsserver.js:133790:61)
    at tsserver.js:135178:88
    at IOSession.Session.executeWithRequestId (tsserver.js:135169:28)
    at IOSession.Session.executeCommand (tsserver.js:135178:33)
    at IOSession.Session.onMessage (tsserver.js:135201:35)
    at Interface.<anonymous> (tsserver.js:136516:27)
    at Interface.emit (events.js:182:13)
    at Interface._onLine (readline.js:290:10)
    at Interface._normalWrite (readline.js:433:12)
    at Socket.ondata (readline.js:149:10)
    at Socket.emit (events.js:182:13)
    at addChunk (_stream_readable.js:283:12)
    at readableAddChunk (_stream_readable.js:264:11)
    at Socket.Readable.push (_stream_readable.js:219:10)
    at Pipe.onStreamRead [as onread] (internal/stream_base_commons.js:94:17)
	at Function.create (/usr/share/code/resources/app/extensions/typescript-language-features/dist/extension.js:53:63463)
	at h.dispatchResponse (/usr/share/code/resources/app/extensions/typescript-language-features/dist/extension.js:53:56618)
	at h.dispatchMessage (/usr/share/code/resources/app/extensions/typescript-language-features/dist/extension.js:53:55516)
	at constructor._reader.onData.e (/usr/share/code/resources/app/extensions/typescript-language-features/dist/extension.js:53:54992)
	at u.fire (/usr/share/code/resources/app/out/vs/workbench/services/extensions/node/extensionHostProcess.js:50:207)
	at t.Reader.onLengthData (/usr/share/code/resources/app/extensions/typescript-language-features/dist/extension.js:53:61683)
	at Socket.t.Reader.constructor.e.on.e (/usr/share/code/resources/app/extensions/typescript-language-features/dist/extension.js:53:61331)
	at Socket.emit (events.js:182:13)
	at addChunk (_stream_readable.js:283:12)
	at readableAddChunk (_stream_readable.js:264:11)
	at Socket.Readable.push (_stream_readable.js:219:10)
	at Pipe.onStreamRead [as onread] (internal/stream_base_commons.js:94:17)
[2020-08-06 22:00:36.865] [renderer1] [error] Tree element not found: [object Object]: Error: Tree element not found: [object Object]
    at s.getElementLocation (file:///usr/share/code/resources/app/out/vs/workbench/workbench.desktop.main.js:124:791)
    at s.isCollapsed (file:///usr/share/code/resources/app/out/vs/workbench/workbench.desktop.main.js:124:65)
    at q.isCollapsed (file:///usr/share/code/resources/app/out/vs/workbench/workbench.desktop.main.js:1009:19)
    at W.revealMarkersForCurrentActiveEditor (file:///usr/share/code/resources/app/out/vs/workbench/workbench.desktop.main.js:5714:628)
    at W.autoReveal (file:///usr/share/code/resources/app/out/vs/workbench/workbench.desktop.main.js:5714:485)
    at W.onActiveEditorChanged (file:///usr/share/code/resources/app/out/vs/workbench/workbench.desktop.main.js:5711:775)
    at W._register.e (file:///usr/share/code/resources/app/out/vs/workbench/workbench.desktop.main.js:5710:789)
    at d.fire (file:///usr/share/code/resources/app/out/vs/workbench/workbench.desktop.main.js:107:488)
    at setTimeout (file:///usr/share/code/resources/app/out/vs/workbench/workbench.desktop.main.js:103:913)
[2020-08-06 23:36:20.847] [renderer1] [error] Tree element not found: [object Object]: Error: Tree element not found: [object Object]
    at s.getElementLocation (file:///usr/share/code/resources/app/out/vs/workbench/workbench.desktop.main.js:124:791)
    at s.isCollapsed (file:///usr/share/code/resources/app/out/vs/workbench/workbench.desktop.main.js:124:65)
    at q.isCollapsed (file:///usr/share/code/resources/app/out/vs/workbench/workbench.desktop.main.js:1009:19)
    at W.revealMarkersForCurrentActiveEditor (file:///usr/share/code/resources/app/out/vs/workbench/workbench.desktop.main.js:5714:628)
    at W.autoReveal (file:///usr/share/code/resources/app/out/vs/workbench/workbench.desktop.main.js:5714:485)
    at W.onActiveEditorChanged (file:///usr/share/code/resources/app/out/vs/workbench/workbench.desktop.main.js:5711:775)
    at W._register.e (file:///usr/share/code/resources/app/out/vs/workbench/workbench.desktop.main.js:5710:789)
    at d.fire (file:///usr/share/code/resources/app/out/vs/workbench/workbench.desktop.main.js:107:488)
    at setTimeout (file:///usr/share/code/resources/app/out/vs/workbench/workbench.desktop.main.js:103:913)
[2020-08-06 23:38:37.451] [renderer1] [error] Tree element not found: [object Object]: Error: Tree element not found: [object Object]
    at s.getElementLocation (file:///usr/share/code/resources/app/out/vs/workbench/workbench.desktop.main.js:124:791)
    at s.isCollapsed (file:///usr/share/code/resources/app/out/vs/workbench/workbench.desktop.main.js:124:65)
    at q.isCollapsed (file:///usr/share/code/resources/app/out/vs/workbench/workbench.desktop.main.js:1009:19)
    at W.revealMarkersForCurrentActiveEditor (file:///usr/share/code/resources/app/out/vs/workbench/workbench.desktop.main.js:5714:628)
    at W.autoReveal (file:///usr/share/code/resources/app/out/vs/workbench/workbench.desktop.main.js:5714:485)
    at W.onActiveEditorChanged (file:///usr/share/code/resources/app/out/vs/workbench/workbench.desktop.main.js:5711:775)
    at W._register.e (file:///usr/share/code/resources/app/out/vs/workbench/workbench.desktop.main.js:5710:789)
    at d.fire (file:///usr/share/code/resources/app/out/vs/workbench/workbench.desktop.main.js:107:488)
    at setTimeout (file:///usr/share/code/resources/app/out/vs/workbench/workbench.desktop.main.js:103:913)
